2024-11-12 20:38:05,338 - __main__ - ERROR - Error in backtesting module: There are multiple `radio` elements with the same auto-generated ID. When this element is created, it is assigned an internal ID based on the element type and provided parameters. Multiple elements with the same type and parameters will cause this error.

To fix this error, please pass a unique `key` argument to the `radio` element.
2024-11-12 20:38:05,425 - __main__ - ERROR - Error in backtesting module: There are multiple `radio` elements with the same auto-generated ID. When this element is created, it is assigned an internal ID based on the element type and provided parameters. Multiple elements with the same type and parameters will cause this error.

To fix this error, please pass a unique `key` argument to the `radio` element.
2024-11-12 20:38:17,935 - __main__ - ERROR - Error in backtesting module: There are multiple `radio` elements with the same auto-generated ID. When this element is created, it is assigned an internal ID based on the element type and provided parameters. Multiple elements with the same type and parameters will cause this error.

To fix this error, please pass a unique `key` argument to the `radio` element.
2024-11-12 20:38:59,607 - __main__ - ERROR - Error in backtesting module: There are multiple `radio` elements with the same auto-generated ID. When this element is created, it is assigned an internal ID based on the element type and provided parameters. Multiple elements with the same type and parameters will cause this error.

To fix this error, please pass a unique `key` argument to the `radio` element.
2024-11-12 20:39:00,323 - __main__ - ERROR - Error in backtesting module: There are multiple `radio` elements with the same auto-generated ID. When this element is created, it is assigned an internal ID based on the element type and provided parameters. Multiple elements with the same type and parameters will cause this error.

To fix this error, please pass a unique `key` argument to the `radio` element.
2024-11-12 20:39:01,503 - __main__ - ERROR - Error in backtesting module: There are multiple `radio` elements with the same auto-generated ID. When this element is created, it is assigned an internal ID based on the element type and provided parameters. Multiple elements with the same type and parameters will cause this error.

To fix this error, please pass a unique `key` argument to the `radio` element.
2024-11-12 20:39:02,066 - __main__ - ERROR - Error in backtesting module: There are multiple `radio` elements with the same auto-generated ID. When this element is created, it is assigned an internal ID based on the element type and provided parameters. Multiple elements with the same type and parameters will cause this error.

To fix this error, please pass a unique `key` argument to the `radio` element.
2024-11-12 20:39:06,639 - __main__ - ERROR - Error in backtesting module: There are multiple `radio` elements with the same auto-generated ID. When this element is created, it is assigned an internal ID based on the element type and provided parameters. Multiple elements with the same type and parameters will cause this error.

To fix this error, please pass a unique `key` argument to the `radio` element.
2024-11-12 20:39:07,193 - __main__ - ERROR - Error in backtesting module: There are multiple `radio` elements with the same auto-generated ID. When this element is created, it is assigned an internal ID based on the element type and provided parameters. Multiple elements with the same type and parameters will cause this error.

To fix this error, please pass a unique `key` argument to the `radio` element.
2024-11-12 20:39:08,348 - __main__ - ERROR - Error in backtesting module: There are multiple `radio` elements with the same auto-generated ID. When this element is created, it is assigned an internal ID based on the element type and provided parameters. Multiple elements with the same type and parameters will cause this error.

To fix this error, please pass a unique `key` argument to the `radio` element.
2024-11-12 20:44:15,731 - __main__ - ERROR - Error in backtesting module: There are multiple `radio` elements with the same auto-generated ID. When this element is created, it is assigned an internal ID based on the element type and provided parameters. Multiple elements with the same type and parameters will cause this error.

To fix this error, please pass a unique `key` argument to the `radio` element.
2024-11-12 20:45:30,214 - matplotlib.font_manager - INFO - generated new fontManager
2024-11-12 20:45:31,984 - __main__ - ERROR - Error in altcoin analysis: 'market_cap'
2024-11-12 20:45:34,771 - __main__ - ERROR - Error in backtesting module: There are multiple `radio` elements with the same auto-generated ID. When this element is created, it is assigned an internal ID based on the element type and provided parameters. Multiple elements with the same type and parameters will cause this error.

To fix this error, please pass a unique `key` argument to the `radio` element.
2024-11-12 20:45:35,635 - __main__ - ERROR - Error in altcoin analysis: 'market_cap'
2024-11-12 20:45:35,690 - __main__ - ERROR - Error in backtesting module: There are multiple `radio` elements with the same auto-generated ID. When this element is created, it is assigned an internal ID based on the element type and provided parameters. Multiple elements with the same type and parameters will cause this error.

To fix this error, please pass a unique `key` argument to the `radio` element.
2024-11-12 20:45:52,018 - __main__ - ERROR - Error in altcoin analysis: 'market_cap'
2024-11-12 20:45:52,046 - __main__ - ERROR - Error in backtesting module: There are multiple `radio` elements with the same auto-generated ID. When this element is created, it is assigned an internal ID based on the element type and provided parameters. Multiple elements with the same type and parameters will cause this error.

To fix this error, please pass a unique `key` argument to the `radio` element.
2024-11-12 20:46:16,584 - __main__ - ERROR - Error in altcoin analysis: 'market_cap'
2024-11-12 20:46:16,616 - __main__ - ERROR - Error in backtesting module: There are multiple `radio` elements with the same auto-generated ID. When this element is created, it is assigned an internal ID based on the element type and provided parameters. Multiple elements with the same type and parameters will cause this error.

To fix this error, please pass a unique `key` argument to the `radio` element.
2024-11-12 20:46:18,634 - __main__ - ERROR - Error in altcoin analysis: 'market_cap'
2024-11-12 20:46:18,689 - __main__ - ERROR - Error in backtesting module: There are multiple `radio` elements with the same auto-generated ID. When this element is created, it is assigned an internal ID based on the element type and provided parameters. Multiple elements with the same type and parameters will cause this error.

To fix this error, please pass a unique `key` argument to the `radio` element.
2024-11-12 20:46:21,218 - __main__ - ERROR - Error in altcoin analysis: 'market_cap'
2024-11-12 20:46:21,261 - __main__ - ERROR - Error in backtesting module: There are multiple `radio` elements with the same auto-generated ID. When this element is created, it is assigned an internal ID based on the element type and provided parameters. Multiple elements with the same type and parameters will cause this error.

To fix this error, please pass a unique `key` argument to the `radio` element.
2024-11-12 20:46:22,381 - __main__ - ERROR - Error in altcoin analysis: 'market_cap'
2024-11-12 20:46:22,433 - __main__ - ERROR - Error in backtesting module: There are multiple `radio` elements with the same auto-generated ID. When this element is created, it is assigned an internal ID based on the element type and provided parameters. Multiple elements with the same type and parameters will cause this error.

To fix this error, please pass a unique `key` argument to the `radio` element.
2024-11-12 20:46:23,687 - __main__ - ERROR - Error in altcoin analysis: 'market_cap'
2024-11-12 20:46:23,723 - __main__ - ERROR - Error in backtesting module: There are multiple `radio` elements with the same auto-generated ID. When this element is created, it is assigned an internal ID based on the element type and provided parameters. Multiple elements with the same type and parameters will cause this error.

To fix this error, please pass a unique `key` argument to the `radio` element.
2024-11-12 20:48:02,207 - __main__ - ERROR - Error in altcoin analysis: 'market_cap'
2024-11-12 20:48:02,242 - __main__ - ERROR - Error in backtesting module: There are multiple `radio` elements with the same auto-generated ID. When this element is created, it is assigned an internal ID based on the element type and provided parameters. Multiple elements with the same type and parameters will cause this error.

To fix this error, please pass a unique `key` argument to the `radio` element.
2024-11-12 20:48:20,493 - __main__ - ERROR - Error in altcoin analysis: 'market_cap'
2024-11-12 20:48:20,544 - __main__ - ERROR - Error in backtesting module: There are multiple `radio` elements with the same auto-generated ID. When this element is created, it is assigned an internal ID based on the element type and provided parameters. Multiple elements with the same type and parameters will cause this error.

To fix this error, please pass a unique `key` argument to the `radio` element.
2024-11-12 20:48:21,201 - __main__ - ERROR - Error in altcoin analysis: 'market_cap'
2024-11-12 20:48:21,264 - __main__ - ERROR - Error in backtesting module: There are multiple `radio` elements with the same auto-generated ID. When this element is created, it is assigned an internal ID based on the element type and provided parameters. Multiple elements with the same type and parameters will cause this error.

To fix this error, please pass a unique `key` argument to the `radio` element.
2024-11-12 20:48:29,434 - __main__ - ERROR - Error in altcoin analysis: 'market_cap'
2024-11-12 20:48:29,514 - __main__ - ERROR - Error in backtesting module: There are multiple `radio` elements with the same auto-generated ID. When this element is created, it is assigned an internal ID based on the element type and provided parameters. Multiple elements with the same type and parameters will cause this error.

To fix this error, please pass a unique `key` argument to the `radio` element.
2024-11-12 20:48:33,201 - __main__ - ERROR - Error in altcoin analysis: 'market_cap'
2024-11-12 20:48:33,236 - __main__ - ERROR - Error in backtesting module: There are multiple `radio` elements with the same auto-generated ID. When this element is created, it is assigned an internal ID based on the element type and provided parameters. Multiple elements with the same type and parameters will cause this error.

To fix this error, please pass a unique `key` argument to the `radio` element.
2024-11-12 20:48:40,567 - __main__ - ERROR - Error in altcoin analysis: 'market_cap'
2024-11-12 20:48:40,618 - __main__ - ERROR - Error in backtesting module: There are multiple `radio` elements with the same auto-generated ID. When this element is created, it is assigned an internal ID based on the element type and provided parameters. Multiple elements with the same type and parameters will cause this error.

To fix this error, please pass a unique `key` argument to the `radio` element.
2024-11-12 20:48:41,131 - __main__ - ERROR - Error in altcoin analysis: 'market_cap'
2024-11-12 20:48:41,182 - __main__ - ERROR - Error in backtesting module: There are multiple `radio` elements with the same auto-generated ID. When this element is created, it is assigned an internal ID based on the element type and provided parameters. Multiple elements with the same type and parameters will cause this error.

To fix this error, please pass a unique `key` argument to the `radio` element.
2024-11-12 20:48:42,929 - __main__ - ERROR - Error in altcoin analysis: 'market_cap'
2024-11-12 20:48:42,969 - __main__ - ERROR - Error in backtesting module: There are multiple `radio` elements with the same auto-generated ID. When this element is created, it is assigned an internal ID based on the element type and provided parameters. Multiple elements with the same type and parameters will cause this error.

To fix this error, please pass a unique `key` argument to the `radio` element.
2024-11-12 20:48:45,716 - __main__ - ERROR - Error in altcoin analysis: 'market_cap'
2024-11-12 20:48:45,749 - __main__ - ERROR - Error in backtesting module: There are multiple `radio` elements with the same auto-generated ID. When this element is created, it is assigned an internal ID based on the element type and provided parameters. Multiple elements with the same type and parameters will cause this error.

To fix this error, please pass a unique `key` argument to the `radio` element.
2024-11-12 20:48:47,709 - __main__ - ERROR - Error in altcoin analysis: 'market_cap'
2024-11-12 20:48:47,761 - __main__ - ERROR - Error in backtesting module: There are multiple `radio` elements with the same auto-generated ID. When this element is created, it is assigned an internal ID based on the element type and provided parameters. Multiple elements with the same type and parameters will cause this error.

To fix this error, please pass a unique `key` argument to the `radio` element.
2024-11-12 20:50:55,846 - __main__ - ERROR - Error in altcoin analysis: 'market_cap'
2024-11-12 20:51:15,204 - utils.altcoin_analyzer - INFO - Successfully connected to kraken
2024-11-12 20:51:36,275 - utils.altcoin_analyzer - INFO - Successfully connected to kraken
2024-11-12 20:51:42,617 - utils.altcoin_analyzer - INFO - Successfully connected to kraken
2024-11-12 20:52:12,110 - utils.altcoin_analyzer - ERROR - Error in BTC correlation analysis: 'int' object has no attribute 'days'
2024-11-12 20:52:14,575 - __main__ - ERROR - Error in altcoin analysis: 
    Invalid element(s) received for the 'size' property of scatter.marker
        Invalid elements include: [-70.7, -8.81, -2.36, -33.96, -2.49376, -1.34, -0.69225, -0.338, -0.029813, -0.3078]

    The 'size' property is a number and may be specified as:
      - An int or float in the interval [0, inf]
      - A tuple, list, or one-dimensional numpy array of the above
2024-11-12 20:52:17,222 - __main__ - ERROR - Error in backtesting module: There are multiple `radio` elements with the same auto-generated ID. When this element is created, it is assigned an internal ID based on the element type and provided parameters. Multiple elements with the same type and parameters will cause this error.

To fix this error, please pass a unique `key` argument to the `radio` element.
2024-11-12 20:52:18,763 - utils.altcoin_analyzer - ERROR - Error in BTC correlation analysis: 'int' object has no attribute 'days'
2024-11-12 20:52:21,143 - __main__ - ERROR - Error in altcoin analysis: 
    Invalid element(s) received for the 'size' property of scatter.marker
        Invalid elements include: [-70.7, -8.81, -2.36, -33.96, -2.49376, -1.34, -0.69225, -0.338, -0.029813, -0.3078]

    The 'size' property is a number and may be specified as:
      - An int or float in the interval [0, inf]
      - A tuple, list, or one-dimensional numpy array of the above
2024-11-12 20:52:21,221 - __main__ - ERROR - Error in backtesting module: There are multiple `radio` elements with the same auto-generated ID. When this element is created, it is assigned an internal ID based on the element type and provided parameters. Multiple elements with the same type and parameters will cause this error.

To fix this error, please pass a unique `key` argument to the `radio` element.
2024-11-12 20:53:40,900 - utils.altcoin_analyzer - INFO - Successfully connected to kraken
2024-11-12 20:53:54,732 - utils.altcoin_analyzer - INFO - Successfully connected to kraken
2024-11-12 20:54:30,476 - utils.altcoin_analyzer - ERROR - Error in BTC correlation analysis: 'int' object has no attribute 'days'
2024-11-12 20:54:32,857 - __main__ - ERROR - Error in altcoin analysis: 
    Invalid element(s) received for the 'size' property of scatter.marker
        Invalid elements include: [-74.07, -8.83, -2.36, -33.96, -2.64938, -1.34, -0.7046, -0.338, -0.032181, -0.3078]

    The 'size' property is a number and may be specified as:
      - An int or float in the interval [0, inf]
      - A tuple, list, or one-dimensional numpy array of the above
2024-11-12 20:54:32,955 - __main__ - ERROR - Error in backtesting module: There are multiple `radio` elements with the same auto-generated ID. When this element is created, it is assigned an internal ID based on the element type and provided parameters. Multiple elements with the same type and parameters will cause this error.

To fix this error, please pass a unique `key` argument to the `radio` element.
2024-11-12 20:56:25,012 - utils.altcoin_analyzer - INFO - Successfully connected to kraken
2024-11-12 20:56:25,617 - utils.altcoin_analyzer - INFO - Successfully connected to kraken
2024-11-12 20:56:29,473 - utils.altcoin_analyzer - INFO - Successfully connected to kraken
2024-11-12 20:56:30,203 - utils.altcoin_analyzer - INFO - Successfully connected to kraken
2024-11-12 20:57:06,001 - utils.altcoin_analyzer - ERROR - Error in BTC correlation analysis: 'int' object has no attribute 'days'
2024-11-12 20:57:08,280 - __main__ - ERROR - Error in altcoin analysis: 
    Invalid element(s) received for the 'size' property of scatter.marker
        Invalid elements include: [-75.01, -8.83, -2.18, -33.96, -2.62533, -1.34, -0.7046, -0.3419, -0.032181, -0.3078]

    The 'size' property is a number and may be specified as:
      - An int or float in the interval [0, inf]
      - A tuple, list, or one-dimensional numpy array of the above
2024-11-12 20:57:08,351 - __main__ - ERROR - Error in backtesting module: There are multiple `radio` elements with the same auto-generated ID. When this element is created, it is assigned an internal ID based on the element type and provided parameters. Multiple elements with the same type and parameters will cause this error.

To fix this error, please pass a unique `key` argument to the `radio` element.
2024-11-12 20:59:50,553 - utils.altcoin_analyzer - INFO - Successfully connected to kraken
2024-11-12 21:00:00,403 - utils.altcoin_analyzer - INFO - Successfully connected to kraken
2024-11-12 21:00:26,346 - utils.altcoin_analyzer - ERROR - Error in BTC correlation analysis: 'int' object has no attribute 'total_seconds'
2024-11-12 21:00:33,236 - __main__ - ERROR - Error in backtesting module: There are multiple elements with the same `key='strategy_input_method'`. To fix this, please make sure that the `key` argument is unique for each element you create.
2024-11-12 21:00:36,125 - utils.altcoin_analyzer - ERROR - Error in BTC correlation analysis: 'int' object has no attribute 'total_seconds'
2024-11-12 21:00:38,467 - __main__ - ERROR - Error in backtesting module: There are multiple elements with the same `key='strategy_input_method'`. To fix this, please make sure that the `key` argument is unique for each element you create.
2024-11-12 21:04:15,147 - utils.altcoin_analyzer - INFO - Successfully connected to kraken
2024-11-12 21:04:42,370 - utils.altcoin_analyzer - INFO - Successfully connected to kraken
2024-11-12 21:05:18,399 - utils.altcoin_analyzer - ERROR - Error in BTC correlation analysis: 'int' object has no attribute 'total_seconds'
2024-11-12 21:05:20,704 - __main__ - ERROR - Error in backtesting module: There are multiple elements with the same `key='strategy_input_method'`. To fix this, please make sure that the `key` argument is unique for each element you create.
2024-11-12 21:05:32,631 - utils.altcoin_analyzer - INFO - Successfully connected to kraken
2024-11-12 21:06:08,404 - utils.altcoin_analyzer - ERROR - Error in BTC correlation analysis: 'int' object has no attribute 'total_seconds'
2024-11-12 21:06:12,974 - __main__ - ERROR - Error in backtesting module: There are multiple elements with the same `key='strategy_input_method'`. To fix this, please make sure that the `key` argument is unique for each element you create.
2024-11-12 21:07:12,586 - utils.altcoin_analyzer - INFO - Successfully connected to kraken
2024-11-12 21:07:48,398 - utils.altcoin_analyzer - ERROR - Error in BTC correlation analysis: 'int' object has no attribute 'total_seconds'
2024-11-12 21:08:01,038 - __main__ - ERROR - Error in backtesting module: There are multiple elements with the same `key='strategy_input_method'`. To fix this, please make sure that the `key` argument is unique for each element you create.
